SF:lib/src/core/tree_builder.dart
DA:10,0
DA:31,4
DA:32,4
DA:33,2
DA:37,4
DA:40,4
DA:43,8
DA:45,4
DA:48,4
DA:49,8
DA:51,8
DA:56,4
DA:57,8
DA:58,8
DA:59,4
DA:60,4
DA:65,4
DA:76,4
DA:77,8
DA:79,12
DA:80,4
DA:82,12
DA:87,12
DA:88,4
DA:94,20
DA:95,4
DA:101,12
DA:106,4
DA:107,8
DA:108,0
DA:109,4
DA:110,8
DA:111,0
DA:112,4
DA:115,12
DA:116,0
DA:117,4
DA:119,8
DA:120,20
DA:121,4
DA:127,0
DA:131,4
DA:132,4
DA:135,8
DA:136,12
DA:137,8
DA:140,20
LF:47
LH:42
end_of_record
SF:lib/src/core/tree_state.dart
DA:9,3
DA:10,3
DA:12,6
DA:13,9
DA:17,6
DA:18,3
DA:20,15
DA:25,9
DA:26,3
DA:30,6
DA:31,3
DA:32,9
DA:48,3
DA:53,4
DA:58,1
DA:59,1
DA:61,2
DA:62,1
DA:63,1
DA:73,3
DA:78,1
DA:79,2
DA:80,1
DA:81,2
DA:88,1
DA:89,2
DA:93,1
DA:94,2
DA:95,1
DA:96,3
DA:102,1
DA:103,2
DA:104,1
DA:105,3
DA:111,1
DA:113,2
DA:118,1
DA:120,1
DA:124,2
DA:129,1
DA:136,3
DA:137,15
LF:42
LH:42
end_of_record
SF:lib/src/models/tree_node.dart
DA:22,6
DA:25,6
DA:26,6
DA:56,15
DA:61,15
DA:63,1
DA:66,1
DA:67,3
DA:68,3
DA:69,3
DA:71,1
DA:72,5
DA:74,0
DA:75,0
LF:14
LH:12
end_of_record
SF:lib/src/models/tree_path.dart
DA:19,0
DA:32,5
DA:33,5
DA:36,5
DA:39,5
DA:44,15
DA:45,5
DA:47,10
DA:48,10
DA:49,8
DA:51,15
DA:55,10
DA:56,10
DA:59,20
DA:61,20
DA:64,15
DA:65,10
DA:66,5
DA:67,10
DA:68,5
DA:69,5
DA:70,5
DA:76,4
DA:77,4
DA:78,2
DA:79,2
DA:80,2
DA:90,7
DA:91,7
DA:95,28
DA:96,14
DA:100,35
DA:111,7
DA:112,7
DA:113,7
DA:122,6
DA:123,6
DA:126,6
DA:127,8
DA:128,8
DA:130,3
DA:135,12
DA:146,6
DA:147,6
DA:150,6
DA:155,12
DA:157,12
DA:158,12
DA:160,18
DA:161,12
DA:163,0
DA:167,12
DA:168,12
DA:172,30
DA:174,6
DA:176,0
DA:177,12
DA:179,15
DA:182,24
DA:183,6
DA:184,6
DA:185,6
DA:186,6
DA:192,0
DA:193,0
DA:194,0
DA:195,0
DA:196,0
DA:206,5
DA:208,15
DA:213,5
DA:214,5
DA:217,15
DA:222,15
DA:223,15
LF:75
LH:67
end_of_record
SF:lib/src/widgets/reorderable_tree_list_view.dart
DA:13,2
DA:49,2
DA:50,2
DA:56,2
DA:58,2
DA:59,2
DA:62,2
DA:64,2
DA:67,8
DA:68,2
DA:72,2
DA:73,6
DA:74,4
DA:77,2
DA:78,6
DA:82,0
DA:83,0
DA:85,0
DA:88,2
DA:90,4
DA:93,2
DA:94,4
DA:95,4
DA:96,4
DA:98,2
DA:99,2
DA:100,2
DA:104,2
DA:105,8
DA:108,4
DA:109,4
DA:111,8
DA:116,2
DA:117,4
DA:122,0
DA:125,0
DA:126,0
LF:37
LH:31
end_of_record
SF:lib/src/widgets/reorderable_tree_list_view_item.dart
DA:12,3
DA:28,3
DA:29,3
DA:30,3
DA:31,3
DA:32,3
DA:34,15
DA:36,6
LF:8
LH:8
end_of_record
